Log file open, 06/23/26 15:32:38
LogWindows: Failed to load 'aqProf.dll' (GetLastError=126)
LogWindows: File 'aqProf.dll' does not exist
LogWindows: Failed to load 'VtuneApi.dll' (GetLastError=126)
LogWindows: File 'VtuneApi.dll' does not exist
LogWindows: Failed to load 'VtuneApi32e.dll' (GetLastError=126)
LogWindows: File 'VtuneApi32e.dll' does not exist
LogPlatformFile: Not using cached read wrapper
LogTaskGraph: Started task graph with 4 named threads and 18 total threads with 1 sets of task threads.
LogWindows: Failed to load '../../../Engine/Binaries/ThirdParty/DbgHelp/dbghelp.dll' (GetLastError=126)
LogWindows: File '../../../Engine/Binaries/ThirdParty/DbgHelp/dbghelp.dll' does not exist
LogInit: Display: Loading text-based GConfig....
LogInit: Build: ++UE4+Release-4.27-CL-18319896
LogInit: Engine Version: 4.27.2-18319896+++UE4+Release-4.27
LogInit: Compatible Engine Version: 4.27.0-17155196+++UE4+Release-4.27
LogInit: Net CL: 17155196
LogInit: OS: Windows 10 (Release 2009) (), CPU: AMD Ryzen 7 2700X Eight-Core Processor         , GPU: NVIDIA GeForce RTX 2070
LogInit: Compiled (64-bit): Nov 30 2021 08:06:29
LogInit: Compiled with Visual C++: 19.24.28315.00
LogInit: Build Configuration: Development
LogInit: Branch Name: ++UE4+Release-4.27
LogInit: Command Line: G:\Installers\Starminer.v2026.06.10\ModTool\..\game\ILLSpace\Content\Paks\pakchunk0-WindowsNoEditor_P.pak -Create=G:\Installers\Starminer.v2026.06.10\ModTool\response.txt -cryptokeys=G:\Installers\Starminer.v2026.06.10\ModTool\crypto.json -encrypt -encryptindex -ddc=noshared
LogInit: Base Directory: G:/Installers/Starminer.v2026.06.10/ModTool/Engine/Binaries/Win64/
LogInit: Allocator: TBB
LogInit: Installed Engine Build: 0
LogDevObjectVersion: Number of dev versions registered: 29
LogDevObjectVersion:   Dev-Blueprints (B0D832E4-1F89-4F0D-ACCF-7EB736FD4AA2): 10
LogDevObjectVersion:   Dev-Build (E1C64328-A22C-4D53-A36C-8E866417BD8C): 0
LogDevObjectVersion:   Dev-Core (375EC13C-06E4-48FB-B500-84F0262A717E): 4
LogDevObjectVersion:   Dev-Editor (E4B068ED-F494-42E9-A231-DA0B2E46BB41): 40
LogDevObjectVersion:   Dev-Framework (CFFC743F-43B0-4480-9391-14DF171D2073): 37
LogDevObjectVersion:   Dev-Mobile (B02B49B5-BB20-44E9-A304-32B752E40360): 3
LogDevObjectVersion:   Dev-Networking (A4E4105C-59A1-49B5-A7C5-40C4547EDFEE): 0
LogDevObjectVersion:   Dev-Online (39C831C9-5AE6-47DC-9A44-9C173E1C8E7C): 0
LogDevObjectVersion:   Dev-Physics (78F01B33-EBEA-4F98-B9B4-84EACCB95AA2): 14
LogDevObjectVersion:   Dev-Platform (6631380F-2D4D-43E0-8009-CF276956A95A): 0
LogDevObjectVersion:   Dev-Rendering (12F88B9F-8875-4AFC-A67C-D90C383ABD29): 45
LogDevObjectVersion:   Dev-Sequencer (7B5AE74C-D270-4C10-A958-57980B212A5A): 13
LogDevObjectVersion:   Dev-VR (D7296918-1DD6-4BDD-9DE2-64A83CC13884): 3
LogDevObjectVersion:   Dev-LoadTimes (C2A15278-BFE7-4AFE-6C17-90FF531DF755): 1
LogDevObjectVersion:   Private-Geometry (6EACA3D4-40EC-4CC1-B786-8BED09428FC5): 3
LogDevObjectVersion:   Dev-AnimPhys (29E575DD-E0A3-4627-9D10-D276232CDCEA): 17
LogDevObjectVersion:   Dev-Anim (AF43A65D-7FD3-4947-9873-3E8ED9C1BB05): 15
LogDevObjectVersion:   Dev-ReflectionCapture (6B266CEC-1EC7-4B8F-A30B-E4D90942FC07): 1
LogDevObjectVersion:   Dev-Automation (0DF73D61-A23F-47EA-B727-89E90C41499A): 1
LogDevObjectVersion:   FortniteMain (601D1886-AC64-4F84-AA16-D3DE0DEAC7D6): 47
LogDevObjectVersion:   FortniteRelease (E7086368-6B23-4C58-8439-1B7016265E91): 1
LogDevObjectVersion:   Dev-Enterprise (9DFFBCD6-494F-0158-E221-12823C92A888): 10
LogDevObjectVersion:   Dev-Niagara (F2AED0AC-9AFE-416F-8664-AA7FFA26D6FC): 1
LogDevObjectVersion:   Dev-Destruction (174F1F0B-B4C6-45A5-B13F-2EE8D0FB917D): 10
LogDevObjectVersion:   Dev-Physics-Ext (35F94A83-E258-406C-A318-09F59610247C): 41
LogDevObjectVersion:   Dev-PhysicsMaterial-Chaos (B68FC16E-8B1B-42E2-B453-215C058844FE): 1
LogDevObjectVersion:   Dev-CineCamera (B2E18506-4273-CFC2-A54E-F4BB758BBA07): 1
LogDevObjectVersion:   Dev-VirtualProduction (64F58936-FD1B-42BA-BA96-7289D5D0FA4E): 1
LogDevObjectVersion:   Dev-MediaFramework (6F0ED827-A609-4895-9C91-998D90180EA4): 2
LogConfig: Applying CVar settings from Section [Startup] File [../../../Engine/Config/ConsoleVariables.ini]
LogConfig: Applying CVar settings from Section [ConsoleVariables] File [../../../Engine/Programs/UnrealPak/Saved/Config/Windows/Engine.ini]
[2026.06.23-19.32.38:112][  0]LogInit: Computer: RYBOX
[2026.06.23-19.32.38:112][  0]LogInit: User: Ryan
[2026.06.23-19.32.38:112][  0]LogInit: CPU Page size=4096, Cores=8
[2026.06.23-19.32.38:112][  0]LogInit: High frequency timer resolution =10.000000 MHz
[2026.06.23-19.32.38:112][  0]LogMemory: Memory total: Physical=31.9GB (32GB approx)
[2026.06.23-19.32.38:112][  0]LogMemory: Platform Memory Stats for Windows
[2026.06.23-19.32.38:112][  0]LogMemory: Process Physical Memory: 20.44 MB used, 20.44 MB peak
[2026.06.23-19.32.38:112][  0]LogMemory: Process Virtual Memory: 52.62 MB used, 52.62 MB peak
[2026.06.23-19.32.38:112][  0]LogMemory: Physical Memory: 10394.29 MB used,  22298.03 MB free, 32692.32 MB total
[2026.06.23-19.32.38:112][  0]LogMemory: Virtual Memory: 134194064.00 MB used,  23666.04 MB free, 134217728.00 MB total
[2026.06.23-19.32.38:112][  0]LogPaths: Warning: No paths for game localization data were specifed in the game configuration.
[2026.06.23-19.32.38:112][  0]LogInit: Using OS detected language ().
[2026.06.23-19.32.38:112][  0]LogInit: Using OS detected locale ().
[2026.06.23-19.32.38:112][  0]LogTextLocalizationManager: No localization for '' exists, so 'en' will be used for the language.
[2026.06.23-19.32.38:112][  0]LogTextLocalizationManager: No localization for '' exists, so 'en' will be used for the locale.
[2026.06.23-19.32.38:112][  0]LogInit: Using OS detected language ().
[2026.06.23-19.32.38:112][  0]LogInit: Using OS detected locale ().
[2026.06.23-19.32.38:112][  0]LogTextLocalizationManager: No localization for '' exists, so 'en' will be used for the language.
[2026.06.23-19.32.38:112][  0]LogTextLocalizationManager: No localization for '' exists, so 'en' will be used for the locale.
[2026.06.23-19.32.38:112][  0]LogTextLocalizationManager: Compacting localization data took   0.00ms
[2026.06.23-19.32.38:112][  0]LogPakFile: Display: Parsing crypto keys from a crypto key cache file
[2026.06.23-19.32.38:112][  0]LogPakFile: Engine only spawned 14 worker threads, bumping up to 15!
[2026.06.23-19.32.38:115][  0]LogPakFile: Display: Loading response file G:\Installers\Starminer.v2026.06.10\ModTool\response.txt
[2026.06.23-19.32.38:116][  0]LogPakFile: Added file Source: G:/Installers/Starminer.v2026.06.10/ModTool/Staged/dummy.txt Dest: ../../../
[2026.06.23-19.32.38:117][  0]LogPakFile: Added file Source: G:/Installers/Starminer.v2026.06.10/ModTool/Staged/ILLSpace/Content/Audio/Music/SoundWaves/illspace_theme.uasset Dest: ../../../ILLSpace/Content/Audio/Music/SoundWaves/
[2026.06.23-19.32.38:117][  0]LogPakFile: Added file Source: G:/Installers/Starminer.v2026.06.10/ModTool/Staged/ILLSpace/Content/Audio/Music/SoundWaves/illspace_theme.uexp Dest: ../../../ILLSpace/Content/Audio/Music/SoundWaves/
[2026.06.23-19.32.38:117][  0]LogPakFile: Added file Source: G:/Installers/Starminer.v2026.06.10/ModTool/Staged/ILLSpace/Content/Audio/Music/SoundWaves/MainMenu.uasset Dest: ../../../ILLSpace/Content/Audio/Music/SoundWaves/
[2026.06.23-19.32.38:117][  0]LogPakFile: Added file Source: G:/Installers/Starminer.v2026.06.10/ModTool/Staged/ILLSpace/Content/Audio/Music/SoundWaves/MainMenu.uexp Dest: ../../../ILLSpace/Content/Audio/Music/SoundWaves/
[2026.06.23-19.32.38:117][  0]LogPakFile: Added file Source: G:/Installers/Starminer.v2026.06.10/ModTool/Staged/ILLSpace/Content/Audio/Music/SoundWaves/MainMenu_edit.uasset Dest: ../../../ILLSpace/Content/Audio/Music/SoundWaves/
[2026.06.23-19.32.38:117][  0]LogPakFile: Added file Source: G:/Installers/Starminer.v2026.06.10/ModTool/Staged/ILLSpace/Content/Audio/Music/SoundWaves/MainMenu_edit.uexp Dest: ../../../ILLSpace/Content/Audio/Music/SoundWaves/
[2026.06.23-19.32.38:117][  0]LogPakFile: Added file Source: G:/Installers/Starminer.v2026.06.10/ModTool/Staged/ILLSpace/Content/Audio/Music/SoundWaves/SW_Passive_Output_Remaster_SM.uasset Dest: ../../../ILLSpace/Content/Audio/Music/SoundWaves/
[2026.06.23-19.32.38:117][  0]LogPakFile: Added file Source: G:/Installers/Starminer.v2026.06.10/ModTool/Staged/ILLSpace/Content/Audio/Music/SoundWaves/SW_Passive_Output_Remaster_SM.uexp Dest: ../../../ILLSpace/Content/Audio/Music/SoundWaves/
[2026.06.23-19.32.38:117][  0]LogPakFile: Display: Added 9 entries to add to pak file.
[2026.06.23-19.32.38:117][  0]LogPakFile: Display: Collecting files to add to pak file...
[2026.06.23-19.32.38:117][  0]LogPakFile: Display: Collected 9 files in 0.00s.
[2026.06.23-19.32.38:117][  0]LogPakFile: Display: Creating pak G:/Installers/Starminer.v2026.06.10/game/ILLSpace/Content/Paks/pakchunk0-WindowsNoEditor_P.pak.
[2026.06.23-19.32.38:117][  0]LogPakFile: Display: Using encryption key 'Default' [00000000000000000000000000000000]
[2026.06.23-19.32.38:117][  0]LogPakFile: Display: CompressionFormats in priority order: Zlib
[2026.06.23-19.32.38:128][  0]LogDerivedDataCache: Unable to find inner node Boot for hierarchical cache Hierarchy.
[2026.06.23-19.32.38:128][  0]LogDerivedDataCache: FDerivedDataBackendGraph:  Pak pak cache file ../../../Engine/Programs/UnrealPak/DerivedDataCache/DDC.ddp not found, will not use a pak cache.
[2026.06.23-19.32.38:128][  0]LogDerivedDataCache: Unable to find inner node Pak for hierarchical cache Hierarchy.
[2026.06.23-19.32.38:128][  0]LogDerivedDataCache: Skipping speed test to ../../../Engine/DerivedDataCache. Assuming local performance
[2026.06.23-19.32.38:128][  0]LogDerivedDataCache: Display: Performance to ../../../Engine/DerivedDataCache: Latency=0.00ms. RandomReadSpeed=999.00MBs, RandomWriteSpeed=999.00MBs. Assigned SpeedClass 'Local'
[2026.06.23-19.32.38:128][  0]LogDerivedDataCache: Using Local data cache path ../../../Engine/DerivedDataCache: Writable
[2026.06.23-19.32.38:129][  0]LogPakFile: Added encrypted file "dummy.txt", 5 bytes (no order given).
[2026.06.23-19.32.38:136][  0]LogPakFile: Added encrypted file "ILLSpace/Content/Audio/Music/SoundWaves/illspace_theme.uasset", 915 bytes (no order given).
[2026.06.23-19.32.38:158][  0]LogPakFile: Added encrypted file "ILLSpace/Content/Audio/Music/SoundWaves/illspace_theme.uexp", 2148615 bytes (no order given).
[2026.06.23-19.32.38:165][  0]LogPakFile: Added encrypted file "ILLSpace/Content/Audio/Music/SoundWaves/MainMenu.uasset", 1082 bytes (no order given).
[2026.06.23-19.32.38:187][  0]LogPakFile: Added encrypted file "ILLSpace/Content/Audio/Music/SoundWaves/MainMenu.uexp", 2148711 bytes (no order given).
[2026.06.23-19.32.38:194][  0]LogPakFile: Added encrypted file "ILLSpace/Content/Audio/Music/SoundWaves/MainMenu_edit.uasset", 913 bytes (no order given).
[2026.06.23-19.32.38:217][  0]LogPakFile: Added encrypted file "ILLSpace/Content/Audio/Music/SoundWaves/MainMenu_edit.uexp", 2148615 bytes (no order given).
[2026.06.23-19.32.38:224][  0]LogPakFile: Added encrypted file "ILLSpace/Content/Audio/Music/SoundWaves/SW_Passive_Output_Remaster_SM.uasset", 1086 bytes (no order given).
[2026.06.23-19.32.38:246][  0]LogPakFile: Added encrypted file "ILLSpace/Content/Audio/Music/SoundWaves/SW_Passive_Output_Remaster_SM.uexp", 2148685 bytes (no order given).
[2026.06.23-19.32.38:246][  0]LogPakFile: Display: CompressionFormat 0 [Zlib] : 0 files, 0 -> 0 bytes
[2026.06.23-19.32.38:246][  0]LogPakFile: Display: CompressionFormat 1 [None] : 9 files, 8598627 -> 8598627 bytes
[2026.06.23-19.32.38:247][  0]LogPakFile: Display: Added 9 files, 8600202 bytes total, time 0.13s.
[2026.06.23-19.32.38:247][  0]LogPakFile: Display: PrimaryIndex size: 224 bytes
[2026.06.23-19.32.38:247][  0]LogPakFile: Display: PathHashIndex size: 128 bytes
[2026.06.23-19.32.38:247][  0]LogPakFile: Display: FullDirectoryIndex size: 448 bytes
[2026.06.23-19.32.38:247][  0]LogPakFile: Display: Encryption - ENABLED
[2026.06.23-19.32.38:247][  0]LogPakFile: Display:   Files: 9
[2026.06.23-19.32.38:247][  0]LogPakFile: Display:   Index: Encrypted (224 bytes, 0.00MB)
[2026.06.23-19.32.38:247][  0]LogPakFile: Display:   Total: 8599504 bytes (8.20MB)
[2026.06.23-19.32.38:247][  0]LogPakFile: Display: Unreal pak executed in 0.135067 seconds
[2026.06.23-19.32.38:255][  0]LogCore: Engine exit requested (reason: UnrealPak Exiting)
[2026.06.23-19.32.38:255][  0]LogExit: Preparing to exit.
[2026.06.23-19.32.38:257][  0]LogModuleManager: Shutting down and abandoning module DerivedDataCache (6)
[2026.06.23-19.32.38:628][  0]LogModuleManager: Shutting down and abandoning module PakFile (4)
[2026.06.23-19.32.38:628][  0]LogModuleManager: Shutting down and abandoning module RSA (3)
[2026.06.23-19.32.38:628][  0]LogExit: Exiting.
[2026.06.23-19.32.38:638][  0]Log file closed, 06/23/26 15:32:38
